<?xml version="1.0" encoding="UTF-8"?>
<!-- Generated by org.testng.reporters.JUnitReportReporter -->
<testsuite skipped="0" hostname="DESKTOP-VKRHLTS" name="tests.LoginTest" tests="1" failures="0" timestamp="02 серп. 2019 18:49:40 GMT" time="7.437" errors="0">
  <testcase name="testUserIsAbleToLoginIntoApp" time="7.437" classname="tests.LoginTest"/>
</testsuite> <!-- tests.LoginTest -->
