<?xml version="1.0" encoding="UTF-8"?>
<!-- Generated by org.testng.reporters.JUnitReportReporter -->
<testsuite skipped="0" hostname="DESKTOP-VKRHLTS" name="tests.LoginWithoutUserNameTest" tests="1" failures="0" timestamp="01 серп. 2019 17:55:49 GMT" time="6.690" errors="0">
  <testcase name="testUserNameCanNotBeEmpty" time="6.690" classname="tests.LoginWithoutUserNameTest"/>
</testsuite> <!-- tests.LoginWithoutUserNameTest -->
