<?xml version="1.0" encoding="UTF-8"?>
<!-- Generated by org.testng.reporters.JUnitReportReporter -->
<testsuite skipped="0" hostname="DESKTOP-VKRHLTS" name="tests.LoginWithoutUserNameTest" tests="1" failures="0" timestamp="08 лип. 2019 19:21:06 GMT" time="3.843" errors="0">
  <testcase name="testUserNameCanNotBeEmpty" time="3.843" classname="tests.LoginWithoutUserNameTest"/>
</testsuite> <!-- tests.LoginWithoutUserNameTest -->
