<?xml version="1.0" encoding="UTF-8"?>
<!-- Generated by org.testng.reporters.JUnitReportReporter -->
<testsuite skipped="0" hostname="DESKTOP-VKRHLTS" name="tests.LoginTest" tests="1" failures="0" timestamp="03 лип. 2019 18:44:02 GMT" time="4.522" errors="0">
  <testcase name="testUserIsAbleToLoginIntoApp" time="4.522" classname="tests.LoginTest"/>
</testsuite> <!-- tests.LoginTest -->
