<?xml version="1.0" encoding="UTF-8"?>
<!-- Generated by org.testng.reporters.JUnitReportReporter -->
<testsuite skipped="0" hostname="DESKTOP-VKRHLTS" name="tests.LoginWithoutPassword" tests="1" failures="0" timestamp="01 серп. 2019 18:04:32 GMT" time="7.101" errors="0">
  <testcase name="testPasswordCanNotBeEmpty" time="7.101" classname="tests.LoginWithoutPassword"/>
</testsuite> <!-- tests.LoginWithoutPassword -->
