<?xml version="1.0" encoding="UTF-8"?>
<!-- Generated by org.testng.reporters.JUnitReportReporter -->
<testsuite skipped="0" hostname="DESKTOP-VKRHLTS" name="tests.LoginTest" tests="1" failures="0" timestamp="19 лип. 2019 19:23:17 GMT" time="4.982" errors="0">
  <testcase name="testUserIsAbleToLoginIntoApp" time="4.982" classname="tests.LoginTest"/>
</testsuite> <!-- tests.LoginTest -->
