<?xml version="1.0" encoding="UTF-8"?>
<!-- Generated by org.testng.reporters.JUnitReportReporter -->
<testsuite skipped="0" hostname="DESKTOP-VKRHLTS" name="tests.ZANamesSortTest" tests="1" failures="0" timestamp="29 лип. 2019 20:43:07 GMT" time="6.362" errors="0">
  <testcase name="testProductsAreSortedInDescByName" time="6.362" classname="tests.ZANamesSortTest"/>
</testsuite> <!-- tests.ZANamesSortTest -->
