<?xml version="1.0" encoding="UTF-8"?>
<!-- Generated by org.testng.reporters.JUnitReportReporter -->
<testsuite skipped="0" hostname="DESKTOP-VKRHLTS" name="tests.LoginWithLockedUser" tests="1" failures="0" timestamp="08 лип. 2019 19:29:45 GMT" time="3.960" errors="0">
  <testcase name="testUserNameCanNotBeEmpty" time="3.960" classname="tests.LoginWithLockedUser"/>
</testsuite> <!-- tests.LoginWithLockedUser -->
