<?xml version="1.0" encoding="UTF-8"?>
<!-- Generated by org.testng.reporters.JUnitReportReporter -->
<testsuite skipped="0" hostname="DESKTOP-VKRHLTS" name="tests.LoginTest" tests="1" failures="0" timestamp="02 лип. 2019 19:05:40 GMT" time="5.296" errors="0">
  <testcase name="testUserIsAbleToLoginIntoApp" time="5.296" classname="tests.LoginTest"/>
</testsuite> <!-- tests.LoginTest -->
