<?xml version="1.0" encoding="UTF-8"?>
<!-- Generated by org.testng.reporters.JUnitReportReporter -->
<testsuite skipped="0" hostname="DESKTOP-VKRHLTS" name="tests.LoginTest" tests="1" failures="0" timestamp="03 лип. 2019 20:06:44 GMT" time="8.800" errors="0">
  <testcase name="testUserIsAbleToLoginIntoApp" time="8.800" classname="tests.LoginTest"/>
</testsuite> <!-- tests.LoginTest -->
