<?xml version="1.0" encoding="UTF-8"?>
<!-- Generated by org.testng.reporters.JUnitReportReporter -->
<testsuite skipped="0" hostname="DESKTOP-VKRHLTS" name="tests.LoginWithoutUserNameTest" tests="1" failures="0" timestamp="09 лип. 2019 17:43:42 GMT" time="0.443" errors="0">
  <testcase name="testUserNameCanNotBeEmpty" time="0.443" classname="tests.LoginWithoutUserNameTest"/>
</testsuite> <!-- tests.LoginWithoutUserNameTest -->
