<?xml version="1.0" encoding="UTF-8"?>
<!-- Generated by org.testng.reporters.JUnitReportReporter -->
<testsuite skipped="0" hostname="DESKTOP-VKRHLTS" name="tests.ASCPricesSortTest" tests="1" failures="0" timestamp="29 лип. 2019 20:55:46 GMT" time="6.361" errors="0">
  <testcase name="testProductsAreSortedInASCPrice" time="6.361" classname="tests.ASCPricesSortTest"/>
</testsuite> <!-- tests.ASCPricesSortTest -->
