<?xml version="1.0" encoding="UTF-8"?>
<!-- Generated by org.testng.reporters.JUnitReportReporter -->
<testsuite skipped="0" hostname="DESKTOP-VKRHLTS" name="tests.LoginLogout" tests="1" failures="0" timestamp="09 лип. 2019 16:55:53 GMT" time="6.511" errors="0">
  <testcase name="testUserLoginLogout" time="6.511" classname="tests.LoginLogout"/>
</testsuite> <!-- tests.LoginLogout -->
