<?xml version="1.0" encoding="UTF-8"?>
<!-- Generated by org.testng.reporters.JUnitReportReporter -->
<testsuite skipped="0" hostname="DESKTOP-VKRHLTS" name="tests.LoginWithIncorrectCredentials" tests="1" failures="0" timestamp="02 серп. 2019 18:48:08 GMT" time="6.781" errors="0">
  <testcase name="testUserCanNotLoginWithIncorrectCredentials" time="6.781" classname="tests.LoginWithIncorrectCredentials"/>
</testsuite> <!-- tests.LoginWithIncorrectCredentials -->
