<?xml version="1.0" encoding="UTF-8"?>
<!-- Generated by org.testng.reporters.JUnitReportReporter -->
<testsuite skipped="0" hostname="DESKTOP-VKRHLTS" name="tests.AZNamesSortTest" tests="1" failures="0" timestamp="29 лип. 2019 20:38:31 GMT" time="6.391" errors="0">
  <testcase name="productsAreSortedInASC" time="6.391" classname="tests.AZNamesSortTest"/>
</testsuite> <!-- tests.AZNamesSortTest -->
