<?xml version="1.0" encoding="UTF-8"?>
<!-- Generated by org.testng.reporters.JUnitReportReporter -->
<testsuite skipped="0" hostname="DESKTOP-VKRHLTS" name="tests.LoginTest" tests="3" failures="0" timestamp="02 серп. 2019 19:17:59 GMT" time="34.195" errors="0">
  <testcase name="testUserIsAbleToLoginIntoApp" time="11.700" classname="tests.LoginTest"/>
  <testcase name="testUserIsAbleToLoginIntoApp" time="11.686" classname="tests.LoginTest"/>
  <testcase name="testUserIsAbleToLoginIntoApp" time="10.809" classname="tests.LoginTest"/>
</testsuite> <!-- tests.LoginTest -->
